<?xml version="1.0" encoding="UTF-8"?>
<!-- Generated by org.testng.reporters.JUnitXMLReporter -->
<testsuite hostname="Home_Laptop" name="test1" tests="4" failures="0" timestamp="3 Jan 2018 15:04:33 GMT" time="122.078" errors="0">
  <testcase name="launch" time="5.06" classname="testcases.WebElementTestcase"/>
  <testcase name="WebElement" time="34.246" classname="testcases.WebElementTestcase"/>
  <testcase name="Launch_browser" time="3.701" classname="testcases.LoginTestcase"/>
  <testcase name="Login" time="77.906" classname="testcases.LoginTestcase"/>
</testsuite> <!-- test1 -->
