<?xml version="1.0" encoding="UTF-8"?>
<testsuite name="TestSuite" time="120.913" tests="4" errors="0" skipped="0" failures="0">
  <properties>
[...]
</properties>
  <testcase name="launch" classname="testcases.WebElementTestcase" time="5.06"/>
  <testcase name="WebElement" classname="testcases.WebElementTestcase" time="34.246"/>
  <testcase name="Launch_browser" classname="testcases.LoginTestcase" time="3.701"/>
  <testcase name="Login" classname="testcases.LoginTestcase" time="77.906"/>
</testsuite>